<?xml version="1.0" encoding="UTF-8"?>
<!-- Generated by org.testng.reporters.JUnitReportReporter -->
<testsuite hostname="UDAYA" failures="0" tests="1" name="com.EximMe.testcase.AboutEximpe" time="46.047" errors="0" timestamp="2023-11-26T10:04:10 IST" skipped="0">
  <testcase classname="com.EximMe.testcase.AboutEximpe" name="aboutexime" time="46.047"/>
  <system-out/>
</testsuite> <!-- com.EximMe.testcase.AboutEximpe -->
